<?xml version="1.0" encoding="UTF-8"?>
<testsuite xmlns:xsi="http://www.w3.org/2001/XMLSchema-instance" xsi:noNamespaceSchemaLocation="https://maven.apache.org/surefire/maven-surefire-plugin/xsd/surefire-test-report.xsd" name="TemporadaTest" time="0.019" tests="37" errors="0" skipped="0" failures="0">
  <properties>
[...]
</properties>
  <testcase name="testDevuelveCapituloEnPosicionCorrecta" classname="TemporadaTest$TemporadaGettersTest$GetCapituloTest" time="0"/>
  <testcase name="testRetornaNullEnPosicionInvalida" classname="TemporadaTest$TemporadaGettersTest$GetCapituloTest" time="0"/>
  <testcase name="testDevuelveFechaEstrenoCorrecta" classname="TemporadaTest$TemporadaGettersTest$GetFechaEstrenoTest" time="0"/>
  <testcase name="noDeberiaModificarCapituloConFechaEmisionAnteriorAFechaEstreno" classname="TemporadaTest$TemporadaSetCapituloFechaEmisionTest" time="0"/>
  <testcase name="deberiaModificarCapituloExistenteConFechaEmisionValida" classname="TemporadaTest$TemporadaSetCapituloFechaEmisionTest" time="0"/>
  <testcase name="deberiaNoModificarCapituloInexistente" classname="TemporadaTest$TemporadaSetCapituloFechaEmisionTest" time="0"/>
  <testcase name="deberiaNoModificarCapituloInexistente" classname="TemporadaTest$TemporadaSetCapituloTest" time="0.001"/>
  <testcase name="deberiaCrearCorrectamenteUnaTemporadaValidamosLaFecha" classname="TemporadaTest$ConstructorTest" time="0"/>
  <testcase name="deberiaActualizarLaFechaDeEstrenoCuandoSeLlamaASetFechaEstrenoConUnaNuevaFechaYNoHayCapitulos" classname="TemporadaTest$setFechaEstrenoTest" time="0"/>
  <testcase name="deberiaActualizarLaFechaDeEstrenoCuandoSeLlamaASetFechaEstrenoConUnaNuevaFechaAnteriorAlPrimerCapitulo" classname="TemporadaTest$setFechaEstrenoTest" time="0"/>
  <testcase name="noDeberiaActualizarLaFechaDeEstrenoCuandoSeLlamaASetFechaEstrenoConUnaNuevaFechaPosteriorAlPrimerCapitulo" classname="TemporadaTest$setFechaEstrenoTest" time="0"/>
  <testcase name="deberiaNoModificarTituloCapituloConTituloConEspaciosEnBlanco" classname="TemporadaTest$TemporadaSetCapituloConTituloTest" time="0"/>
  <testcase name="deberiaModificarTituloCapituloExistente" classname="TemporadaTest$TemporadaSetCapituloConTituloTest" time="0"/>
  <testcase name="deberiaNoModificarTituloCapituloConTituloVacio" classname="TemporadaTest$TemporadaSetCapituloConTituloTest" time="0"/>
  <testcase name="deberiaNoModificarTituloCapituloInexistente" classname="TemporadaTest$TemporadaSetCapituloConTituloTest" time="0"/>
  <testcase name="deberiaNoModificarTituloCapituloConTituloExistente" classname="TemporadaTest$TemporadaSetCapituloConTituloTest" time="0"/>
  <testcase name="testConstructorCopiaCopiaCorrectamenteFecha" classname="TemporadaTest$ConstrutorCopiaTest" time="0"/>
  <testcase name="testConstructorCopiaCopiaProfundaDeCapitulos" classname="TemporadaTest$ConstrutorCopiaTest" time="0"/>
  <testcase name="deberiaDevolverLos3CapitulosMejorValorados" classname="TemporadaTest$TemporadaCapitulosMejorValoradosTest" time="0"/>
  <testcase name="deberiaDevolverLos2CapitulosMejorValorados" classname="TemporadaTest$TemporadaCapitulosMejorValoradosTest" time="0"/>
  <testcase name="deberiaLanzarExcepcionCuandoPosicionEsInvalida" classname="TemporadaTest$TemporadaCapitulosMejorValoradosTest" time="0.002"/>
  <testcase name="deberiaEliminarCapitulo" classname="TemporadaTest$TemporadaEliminarCapituloTest" time="0"/>
  <testcase name="deberiaDevolverFalseAlEliminarCapituloConTituloInexistente" classname="TemporadaTest$TemporadaEliminarCapituloTest" time="0"/>
  <testcase name="deberiaDevolverFalseAlEliminarCapituloConPosicionInvalida" classname="TemporadaTest$TemporadaEliminarCapituloTest" time="0.001"/>
  <testcase name="deberiaNoEliminarCapitulosConExpresionRegularNoEncontrada" classname="TemporadaTest$TemporadaEliminarCapitulosTest" time="0.001"/>
  <testcase name="deberiaEliminarCapitulosConExpresionRegular" classname="TemporadaTest$TemporadaEliminarCapitulosTest" time="0.001"/>
  <testcase name="deberiaModificarCapituloExistente" classname="TemporadaTest$TemporadaSetCapituloTest" time="0.001"/>
  <testcase name="deberiaNoModificarCapituloConTituloExistente" classname="TemporadaTest$TemporadaSetCapituloTest" time="0"/>
  <testcase name="noDeberiaModificarCapituloConFechaAnteriorAEstreno" classname="TemporadaTest$TemporadaSetCapituloTest" time="0.001"/>
  <testcase name="deberiaAñadirVotoNegativoACapituloExistente" classname="TemporadaTest$TemporadaMeGustaPorTituloTest" time="0"/>
  <testcase name="deberiaAñadirVotoNegativoACapituloExistente" classname="TemporadaTest$TemporadaMeGustaPorPosicionTest" time="0"/>
  <testcase name="noDeberiaAñadirVotoPositivoACapituloInexistente" classname="TemporadaTest$TemporadaMeGustaPorTituloTest" time="0"/>
  <testcase name="deberiaAñadirVotoPositivoACapituloExistente" classname="TemporadaTest$TemporadaMeGustaPorTituloTest" time="0.001"/>
  <testcase name="deberiaAñadirVotoPositivoACapituloExistente" classname="TemporadaTest$TemporadaMeGustaPorPosicionTest" time="0"/>
  <testcase name="noDeberiaAñadirVotoNegativoACapituloInexistente" classname="TemporadaTest$TemporadaMeGustaPorTituloTest" time="0"/>
  <testcase name="deberiaNoAñadirVotoNegativoACapituloInexistente" classname="TemporadaTest$TemporadaMeGustaPorPosicionTest" time="0"/>
  <testcase name="deberiaNoAñadirVotoPositivoACapituloInexistente" classname="TemporadaTest$TemporadaMeGustaPorPosicionTest" time="0"/>
</testsuite>