<?xml version="1.0" encoding="UTF-8"?>
<testsuite xmlns:xsi="http://www.w3.org/2001/XMLSchema-instance" xsi:noNamespaceSchemaLocation="https://maven.apache.org/surefire/maven-surefire-plugin/xsd/surefire-test-report.xsd" name="CapituloTest" time="0.041" tests="12" errors="0" skipped="0" failures="0">
  <properties>
[...]
</properties>
  <testcase name="deberiaCambiarTituloSiNoEstaVacio" classname="CapituloTest$SetterTest$SetTituloTest" time="0.018"/>
  <testcase name="deberiaNoCambiarTituloSiEstaVacio" classname="CapituloTest$SetterTest$SetTituloTest" time="0.001"/>
  <testcase name="deberiaNoCambiarTituloSiContieneSoloEspacios" classname="CapituloTest$SetterTest$SetTituloTest" time="0"/>
  <testcase name="deberiaCambiarFechaEmision" classname="CapituloTest$SetterTest$FechaEmisionTest" time="0"/>
  <testcase name="meGusta_NoDeberiaIncrementarLosVotosPositivos_CuandoEsFalse" classname="CapituloTest$MeGustaTest" time="0"/>
  <testcase name="meGusta_NoDeberiaIncrementarLosVotosNegativos_CuandoEsTrue" classname="CapituloTest$MeGustaTest" time="0.001"/>
  <testcase name="meGusta_DeberiaIncrementarLosVotosPositivos_CuandoEsTrue" classname="CapituloTest$MeGustaTest" time="0"/>
  <testcase name="meGusta_DeberiaIncrementarLosVotosNegativos_CuandoEsFalse" classname="CapituloTest$MeGustaTest" time="0.001"/>
  <testcase name="deberiaLanzarExcepcionSiTituloEstaVacio" classname="CapituloTest$ConstructorTest" time="0.009"/>
  <testcase name="deberiaConstruirObjetoCapituloSiArgumentosSonValidos" classname="CapituloTest$ConstructorTest" time="0"/>
  <testcase name="deberiaLanzarExcepcionSiTituloContieneSoloEspacios" classname="CapituloTest$ConstructorTest" time="0"/>
  <testcase name="deberiaCopiarCorrectamenteTodosLosAtributos" classname="CapituloTest$ConstructorCopiaTest" time="0.002"/>
</testsuite>